<?xml version="1.0" encoding="UTF-8"?>
<!-- Generated by org.testng.reporters.JUnitReportReporter -->
<testsuite hostname="DESKTOP-C6Q6LLQ" failures="0" tests="3" name="Project.CreateProject" time="5.999" errors="0" timestamp="18 Jun 2024 19:18:27 GMT" skipped="0">
  <testcase classname="Project.CreateProject" name="TC_01ValidateTheUserLoginWithValidCreds" time="0.829"/>
  <testcase classname="Project.CreateProject" name="TC_01ValidateTheUserEnterAllMandatoryField" time="4.344"/>
  <testcase classname="Project.CreateProject" name="TC_01ValidateTheUserUpdateTheCreads" time="0.826"/>
</testsuite> <!-- Project.CreateProject -->
