<?xml version="1.0" encoding="UTF-8"?>
<!-- Generated by org.testng.reporters.JUnitReportReporter -->
<testsuite hostname="DESKTOP-C6Q6LLQ" failures="0" tests="1" name="LOAN.GetSingleUser" time="1.368" errors="0" timestamp="27 May 2024 12:27:49 GMT" skipped="0">
  <testcase classname="LOAN.GetSingleUser" name="singleUser" time="1.368"/>
</testsuite> <!-- LOAN.GetSingleUser -->
