<?xml version="1.0" encoding="UTF-8"?>
<!-- Generated by org.testng.reporters.JUnitReportReporter -->
<testsuite hostname="DESKTOP-C6Q6LLQ" failures="0" tests="4" name="Project.Workflowuser" time="6.286" errors="0" timestamp="04 Jun 2024 11:09:31 GMT" skipped="0">
  <testcase classname="Project.Workflowuser" name="TC_03GetWorkflowusersBlankID" time="0.933"/>
  <testcase classname="Project.Workflowuser" name="TC_04GetWorkflowusersWithInvalidToken" time="1.169"/>
  <testcase classname="Project.Workflowuser" name="TC_01GetAllProjectDetails" time="3.185"/>
  <testcase classname="Project.Workflowuser" name="TC_02GetWorkflowusersInvalidID" time="0.999"/>
</testsuite> <!-- Project.Workflowuser -->
