<?xml version="1.0" encoding="UTF-8"?>
<!-- Generated by org.testng.reporters.JUnitReportReporter -->
<testsuite hostname="DESKTOP-C6Q6LLQ" failures="0" tests="1" name="LOAN.CreateProject" time="5.504" errors="0" timestamp="29 May 2024 11:25:38 GMT" skipped="0">
  <testcase classname="LOAN.CreateProject" name="login1" time="5.504"/>
</testsuite> <!-- LOAN.CreateProject -->
