<?xml version="1.0" encoding="UTF-8"?>
<!-- Generated by org.testng.reporters.JUnitReportReporter -->
<testsuite hostname="DESKTOP-C6Q6LLQ" failures="0" tests="1" name="LOAN.CreateUser" time="4.527" errors="0" timestamp="28 May 2024 10:46:04 GMT" skipped="0">
  <testcase classname="LOAN.CreateUser" name="login1" time="4.527"/>
</testsuite> <!-- LOAN.CreateUser -->
